[16:50:09] [Server console handler/ERROR]: Exception handling console input
java.io.IOException: Input/output error
	at java.io.FileInputStream.readBytes(Native Method) ~[?:1.8.0_181]
	at java.io.FileInputStream.read(FileInputStream.java:255) ~[?:1.8.0_181]
	at java.io.BufferedInputStream.read1(BufferedInputStream.java:284) ~[?:1.8.0_181]
	at java.io.BufferedInputStream.read(BufferedInputStream.java:345) ~[?:1.8.0_181]
	at sun.nio.cs.StreamDecoder.readBytes(StreamDecoder.java:284) ~[?:1.8.0_181]
	at sun.nio.cs.StreamDecoder.implRead(StreamDecoder.java:326) ~[?:1.8.0_181]
	at sun.nio.cs.StreamDecoder.read(StreamDecoder.java:178) ~[?:1.8.0_181]
	at java.io.InputStreamReader.read(InputStreamReader.java:184) ~[?:1.8.0_181]
	at java.io.BufferedReader.fill(BufferedReader.java:161) ~[?:1.8.0_181]
	at java.io.BufferedReader.readLine(BufferedReader.java:324) ~[?:1.8.0_181]
	at java.io.BufferedReader.readLine(BufferedReader.java:389) ~[?:1.8.0_181]
	at so$2.run(SourceFile:110) [minecraft_server.1.13.2.jar:?]
[16:50:10] [Server Shutdown Thread/INFO]: Stopping server
[16:50:10] [Server Shutdown Thread/INFO]: Saving players
[16:50:10] [Server Shutdown Thread/INFO]: Saving worlds
[16:50:10] [Server Shutdown Thread/INFO]: Saving chunks for level 'world'/minecraft:the_nether
[16:50:10] [Server Shutdown Thread/INFO]: Saving chunks for level 'world'/minecraft:the_end
[16:50:10] [Server Shutdown Thread/INFO]: Saving chunks for level 'world'/minecraft:overworld
